<?xml version="1.0" encoding="UTF-8"?>
<!-- Generated by org.testng.reporters.JUnitReportReporter -->
<testsuite hostname="LAPTOP-FDDBVFJB" failures="0" tests="2" name="qaclickacademy.Mavenjava.RestapiTest" time="0.000" errors="0" timestamp="2021-09-11T10:59:54 IST" skipped="0">
  <testcase classname="qaclickacademy.Mavenjava.RestapiTest" name="postJira" time="0.000"/>
  <system-out/>
  <testcase classname="qaclickacademy.Mavenjava.RestapiTest" name="deleteTwitter" time="0.000"/>
  <system-out/>
</testsuite> <!-- qaclickacademy.Mavenjava.RestapiTest -->
